#! /c/iverilog/bin/vvp
:ivl_version "0.9.6 " "(v0_9_6)";
:vpi_time_precision - 9;
:vpi_module "system";
:vpi_module "v2005_math";
:vpi_module "va_math";
S_01EE4848 .scope module, "TB_Triwave_Generator" "TB_Triwave_Generator" 2 4;
 .timescale -9 -9;
v01EF4D18_0 .net "Duty_Output", 5 0, L_0079AB58; 1 drivers
v0079AA50_0 .var "Enable_SW_2", 0 0;
v0079AAA8_0 .var "Scale", 5 0;
v0079AB00_0 .var "clock", 0 0;
S_01EE48D0 .scope module, "UUT" "Triwave_Generator" 2 11, 3 1, S_01EE4848;
 .timescale 0 0;
v00797420_0 .var "DC_Index", 5 0;
v0079A948_0 .var "Duty_Cycle", 5 0;
v0079A9A0_0 .alias "Duty_Output", 5 0, v01EF4D18_0;
v00792928_0 .net "Enable_SW_2", 0 0, v0079AA50_0; 1 drivers
v00792980_0 .var "Index_Count", 5 0;
v007929D8_0 .net "Scale", 5 0, v0079AAA8_0; 1 drivers
v01EF4C68_0 .var "count", 5 0;
v01EF4CC0_0 .net "sysclk", 0 0, v0079AB00_0; 1 drivers
E_01EE3140 .event edge, v00792980_0;
E_01EE2DC0 .event posedge, v01EF4CC0_0;
L_0079AB58 .arith/mult 6, v0079A948_0, v0079AA50_0;
S_01EE49E0 .scope begin, "clockdef" "clockdef" 2 18, 2 18, S_01EE4848;
 .timescale -9 -9;
S_01EE52E8 .scope begin, "stopat" "stopat" 2 28, 2 28, S_01EE4848;
 .timescale -9 -9;
S_01EE5508 .scope begin, "signals" "signals" 2 32, 2 32, S_01EE4848;
 .timescale -9 -9;
    .scope S_01EE48D0;
T_0 ;
    %set/v v01EF4C68_0, 0, 6;
    %end;
    .thread T_0;
    .scope S_01EE48D0;
T_1 ;
    %set/v v00797420_0, 0, 6;
    %end;
    .thread T_1;
    .scope S_01EE48D0;
T_2 ;
    %set/v v0079A948_0, 0, 6;
    %end;
    .thread T_2;
    .scope S_01EE48D0;
T_3 ;
    %set/v v00792980_0, 0, 6;
    %end;
    .thread T_3;
    .scope S_01EE48D0;
T_4 ;
    %wait E_01EE2DC0;
    %ix/load 0, 1, 0;
    %load/vp0 8, v01EF4C68_0, 6;
    %ix/load 0, 6, 0;
    %assign/v0 v01EF4C68_0, 0, 8;
    %load/v 11, v01EF4C68_0, 6;
    %and/r 11, 11, 6;
    %mov 8, 11, 1;
    %mov 9, 0, 2;
    %cmpi/u 8, 1, 3;
    %jmp/0xz  T_4.0, 4;
    %ix/load 0, 1, 0;
    %load/vp0 8, v00797420_0, 6;
    %ix/load 0, 6, 0;
    %assign/v0 v00797420_0, 0, 8;
    %load/v 8, v00797420_0, 6;
    %load/v 14, v007929D8_0, 6;
    %subi 14, 1, 6;
    %cmp/u 8, 14, 6;
    %jmp/0xz  T_4.2, 4;
    %ix/load 0, 1, 0;
    %load/vp0 8, v00792980_0, 6;
    %ix/load 0, 6, 0;
    %assign/v0 v00792980_0, 0, 8;
    %ix/load 0, 6, 0;
    %assign/v0 v00797420_0, 0, 0;
T_4.2 ;
T_4.0 ;
    %jmp T_4;
    .thread T_4;
    .scope S_01EE48D0;
T_5 ;
    %wait E_01EE3140;
    %load/v 8, v00792980_0, 6;
    %cmpi/u 8, 0, 6;
    %jmp/1 T_5.0, 6;
    %cmpi/u 8, 1, 6;
    %jmp/1 T_5.1, 6;
    %cmpi/u 8, 2, 6;
    %jmp/1 T_5.2, 6;
    %cmpi/u 8, 3, 6;
    %jmp/1 T_5.3, 6;
    %cmpi/u 8, 4, 6;
    %jmp/1 T_5.4, 6;
    %cmpi/u 8, 5, 6;
    %jmp/1 T_5.5, 6;
    %cmpi/u 8, 6, 6;
    %jmp/1 T_5.6, 6;
    %cmpi/u 8, 7, 6;
    %jmp/1 T_5.7, 6;
    %cmpi/u 8, 8, 6;
    %jmp/1 T_5.8, 6;
    %cmpi/u 8, 9, 6;
    %jmp/1 T_5.9, 6;
    %cmpi/u 8, 10, 6;
    %jmp/1 T_5.10, 6;
    %cmpi/u 8, 11, 6;
    %jmp/1 T_5.11, 6;
    %cmpi/u 8, 12, 6;
    %jmp/1 T_5.12, 6;
    %cmpi/u 8, 13, 6;
    %jmp/1 T_5.13, 6;
    %cmpi/u 8, 14, 6;
    %jmp/1 T_5.14, 6;
    %cmpi/u 8, 15, 6;
    %jmp/1 T_5.15, 6;
    %cmpi/u 8, 16, 6;
    %jmp/1 T_5.16, 6;
    %cmpi/u 8, 17, 6;
    %jmp/1 T_5.17, 6;
    %cmpi/u 8, 18, 6;
    %jmp/1 T_5.18, 6;
    %cmpi/u 8, 19, 6;
    %jmp/1 T_5.19, 6;
    %cmpi/u 8, 20, 6;
    %jmp/1 T_5.20, 6;
    %cmpi/u 8, 21, 6;
    %jmp/1 T_5.21, 6;
    %cmpi/u 8, 22, 6;
    %jmp/1 T_5.22, 6;
    %cmpi/u 8, 23, 6;
    %jmp/1 T_5.23, 6;
    %cmpi/u 8, 24, 6;
    %jmp/1 T_5.24, 6;
    %cmpi/u 8, 25, 6;
    %jmp/1 T_5.25, 6;
    %cmpi/u 8, 26, 6;
    %jmp/1 T_5.26, 6;
    %cmpi/u 8, 27, 6;
    %jmp/1 T_5.27, 6;
    %cmpi/u 8, 28, 6;
    %jmp/1 T_5.28, 6;
    %cmpi/u 8, 29, 6;
    %jmp/1 T_5.29, 6;
    %cmpi/u 8, 30, 6;
    %jmp/1 T_5.30, 6;
    %cmpi/u 8, 31, 6;
    %jmp/1 T_5.31, 6;
    %cmpi/u 8, 32, 6;
    %jmp/1 T_5.32, 6;
    %cmpi/u 8, 33, 6;
    %jmp/1 T_5.33, 6;
    %cmpi/u 8, 34, 6;
    %jmp/1 T_5.34, 6;
    %cmpi/u 8, 35, 6;
    %jmp/1 T_5.35, 6;
    %cmpi/u 8, 36, 6;
    %jmp/1 T_5.36, 6;
    %cmpi/u 8, 37, 6;
    %jmp/1 T_5.37, 6;
    %cmpi/u 8, 38, 6;
    %jmp/1 T_5.38, 6;
    %cmpi/u 8, 39, 6;
    %jmp/1 T_5.39, 6;
    %cmpi/u 8, 40, 6;
    %jmp/1 T_5.40, 6;
    %cmpi/u 8, 41, 6;
    %jmp/1 T_5.41, 6;
    %cmpi/u 8, 42, 6;
    %jmp/1 T_5.42, 6;
    %cmpi/u 8, 43, 6;
    %jmp/1 T_5.43, 6;
    %cmpi/u 8, 44, 6;
    %jmp/1 T_5.44, 6;
    %cmpi/u 8, 45, 6;
    %jmp/1 T_5.45, 6;
    %cmpi/u 8, 46, 6;
    %jmp/1 T_5.46, 6;
    %cmpi/u 8, 47, 6;
    %jmp/1 T_5.47, 6;
    %cmpi/u 8, 48, 6;
    %jmp/1 T_5.48, 6;
    %cmpi/u 8, 49, 6;
    %jmp/1 T_5.49, 6;
    %cmpi/u 8, 50, 6;
    %jmp/1 T_5.50, 6;
    %cmpi/u 8, 51, 6;
    %jmp/1 T_5.51, 6;
    %cmpi/u 8, 52, 6;
    %jmp/1 T_5.52, 6;
    %cmpi/u 8, 53, 6;
    %jmp/1 T_5.53, 6;
    %cmpi/u 8, 54, 6;
    %jmp/1 T_5.54, 6;
    %cmpi/u 8, 55, 6;
    %jmp/1 T_5.55, 6;
    %cmpi/u 8, 56, 6;
    %jmp/1 T_5.56, 6;
    %cmpi/u 8, 57, 6;
    %jmp/1 T_5.57, 6;
    %cmpi/u 8, 58, 6;
    %jmp/1 T_5.58, 6;
    %cmpi/u 8, 59, 6;
    %jmp/1 T_5.59, 6;
    %cmpi/u 8, 60, 6;
    %jmp/1 T_5.60, 6;
    %cmpi/u 8, 61, 6;
    %jmp/1 T_5.61, 6;
    %cmpi/u 8, 62, 6;
    %jmp/1 T_5.62, 6;
    %cmpi/u 8, 63, 6;
    %jmp/1 T_5.63, 6;
    %jmp T_5.64;
T_5.0 ;
    %set/v v0079A948_0, 0, 6;
    %jmp T_5.64;
T_5.1 ;
    %movi 8, 2, 6;
    %set/v v0079A948_0, 8, 6;
    %jmp T_5.64;
T_5.2 ;
    %movi 8, 4, 6;
    %set/v v0079A948_0, 8, 6;
    %jmp T_5.64;
T_5.3 ;
    %movi 8, 6, 6;
    %set/v v0079A948_0, 8, 6;
    %jmp T_5.64;
T_5.4 ;
    %movi 8, 8, 6;
    %set/v v0079A948_0, 8, 6;
    %jmp T_5.64;
T_5.5 ;
    %movi 8, 10, 6;
    %set/v v0079A948_0, 8, 6;
    %jmp T_5.64;
T_5.6 ;
    %movi 8, 12, 6;
    %set/v v0079A948_0, 8, 6;
    %jmp T_5.64;
T_5.7 ;
    %movi 8, 14, 6;
    %set/v v0079A948_0, 8, 6;
    %jmp T_5.64;
T_5.8 ;
    %movi 8, 16, 6;
    %set/v v0079A948_0, 8, 6;
    %jmp T_5.64;
T_5.9 ;
    %movi 8, 18, 6;
    %set/v v0079A948_0, 8, 6;
    %jmp T_5.64;
T_5.10 ;
    %movi 8, 20, 6;
    %set/v v0079A948_0, 8, 6;
    %jmp T_5.64;
T_5.11 ;
    %movi 8, 22, 6;
    %set/v v0079A948_0, 8, 6;
    %jmp T_5.64;
T_5.12 ;
    %movi 8, 24, 6;
    %set/v v0079A948_0, 8, 6;
    %jmp T_5.64;
T_5.13 ;
    %movi 8, 26, 6;
    %set/v v0079A948_0, 8, 6;
    %jmp T_5.64;
T_5.14 ;
    %movi 8, 28, 6;
    %set/v v0079A948_0, 8, 6;
    %jmp T_5.64;
T_5.15 ;
    %movi 8, 30, 6;
    %set/v v0079A948_0, 8, 6;
    %jmp T_5.64;
T_5.16 ;
    %movi 8, 32, 6;
    %set/v v0079A948_0, 8, 6;
    %jmp T_5.64;
T_5.17 ;
    %movi 8, 34, 6;
    %set/v v0079A948_0, 8, 6;
    %jmp T_5.64;
T_5.18 ;
    %movi 8, 36, 6;
    %set/v v0079A948_0, 8, 6;
    %jmp T_5.64;
T_5.19 ;
    %movi 8, 38, 6;
    %set/v v0079A948_0, 8, 6;
    %jmp T_5.64;
T_5.20 ;
    %movi 8, 40, 6;
    %set/v v0079A948_0, 8, 6;
    %jmp T_5.64;
T_5.21 ;
    %movi 8, 42, 6;
    %set/v v0079A948_0, 8, 6;
    %jmp T_5.64;
T_5.22 ;
    %movi 8, 44, 6;
    %set/v v0079A948_0, 8, 6;
    %jmp T_5.64;
T_5.23 ;
    %movi 8, 46, 6;
    %set/v v0079A948_0, 8, 6;
    %jmp T_5.64;
T_5.24 ;
    %movi 8, 48, 6;
    %set/v v0079A948_0, 8, 6;
    %jmp T_5.64;
T_5.25 ;
    %movi 8, 50, 6;
    %set/v v0079A948_0, 8, 6;
    %jmp T_5.64;
T_5.26 ;
    %movi 8, 52, 6;
    %set/v v0079A948_0, 8, 6;
    %jmp T_5.64;
T_5.27 ;
    %movi 8, 54, 6;
    %set/v v0079A948_0, 8, 6;
    %jmp T_5.64;
T_5.28 ;
    %movi 8, 56, 6;
    %set/v v0079A948_0, 8, 6;
    %jmp T_5.64;
T_5.29 ;
    %movi 8, 58, 6;
    %set/v v0079A948_0, 8, 6;
    %jmp T_5.64;
T_5.30 ;
    %movi 8, 60, 6;
    %set/v v0079A948_0, 8, 6;
    %jmp T_5.64;
T_5.31 ;
    %movi 8, 62, 6;
    %set/v v0079A948_0, 8, 6;
    %jmp T_5.64;
T_5.32 ;
    %movi 8, 62, 6;
    %set/v v0079A948_0, 8, 6;
    %jmp T_5.64;
T_5.33 ;
    %movi 8, 60, 6;
    %set/v v0079A948_0, 8, 6;
    %jmp T_5.64;
T_5.34 ;
    %movi 8, 58, 6;
    %set/v v0079A948_0, 8, 6;
    %jmp T_5.64;
T_5.35 ;
    %movi 8, 56, 6;
    %set/v v0079A948_0, 8, 6;
    %jmp T_5.64;
T_5.36 ;
    %movi 8, 54, 6;
    %set/v v0079A948_0, 8, 6;
    %jmp T_5.64;
T_5.37 ;
    %movi 8, 52, 6;
    %set/v v0079A948_0, 8, 6;
    %jmp T_5.64;
T_5.38 ;
    %movi 8, 50, 6;
    %set/v v0079A948_0, 8, 6;
    %jmp T_5.64;
T_5.39 ;
    %movi 8, 48, 6;
    %set/v v0079A948_0, 8, 6;
    %jmp T_5.64;
T_5.40 ;
    %movi 8, 46, 6;
    %set/v v0079A948_0, 8, 6;
    %jmp T_5.64;
T_5.41 ;
    %movi 8, 44, 6;
    %set/v v0079A948_0, 8, 6;
    %jmp T_5.64;
T_5.42 ;
    %movi 8, 42, 6;
    %set/v v0079A948_0, 8, 6;
    %jmp T_5.64;
T_5.43 ;
    %movi 8, 40, 6;
    %set/v v0079A948_0, 8, 6;
    %jmp T_5.64;
T_5.44 ;
    %movi 8, 38, 6;
    %set/v v0079A948_0, 8, 6;
    %jmp T_5.64;
T_5.45 ;
    %movi 8, 36, 6;
    %set/v v0079A948_0, 8, 6;
    %jmp T_5.64;
T_5.46 ;
    %movi 8, 34, 6;
    %set/v v0079A948_0, 8, 6;
    %jmp T_5.64;
T_5.47 ;
    %movi 8, 32, 6;
    %set/v v0079A948_0, 8, 6;
    %jmp T_5.64;
T_5.48 ;
    %movi 8, 30, 6;
    %set/v v0079A948_0, 8, 6;
    %jmp T_5.64;
T_5.49 ;
    %movi 8, 28, 6;
    %set/v v0079A948_0, 8, 6;
    %jmp T_5.64;
T_5.50 ;
    %movi 8, 26, 6;
    %set/v v0079A948_0, 8, 6;
    %jmp T_5.64;
T_5.51 ;
    %movi 8, 24, 6;
    %set/v v0079A948_0, 8, 6;
    %jmp T_5.64;
T_5.52 ;
    %movi 8, 22, 6;
    %set/v v0079A948_0, 8, 6;
    %jmp T_5.64;
T_5.53 ;
    %movi 8, 20, 6;
    %set/v v0079A948_0, 8, 6;
    %jmp T_5.64;
T_5.54 ;
    %movi 8, 18, 6;
    %set/v v0079A948_0, 8, 6;
    %jmp T_5.64;
T_5.55 ;
    %movi 8, 16, 6;
    %set/v v0079A948_0, 8, 6;
    %jmp T_5.64;
T_5.56 ;
    %movi 8, 14, 6;
    %set/v v0079A948_0, 8, 6;
    %jmp T_5.64;
T_5.57 ;
    %movi 8, 12, 6;
    %set/v v0079A948_0, 8, 6;
    %jmp T_5.64;
T_5.58 ;
    %movi 8, 10, 6;
    %set/v v0079A948_0, 8, 6;
    %jmp T_5.64;
T_5.59 ;
    %movi 8, 8, 6;
    %set/v v0079A948_0, 8, 6;
    %jmp T_5.64;
T_5.60 ;
    %movi 8, 6, 6;
    %set/v v0079A948_0, 8, 6;
    %jmp T_5.64;
T_5.61 ;
    %movi 8, 4, 6;
    %set/v v0079A948_0, 8, 6;
    %jmp T_5.64;
T_5.62 ;
    %movi 8, 2, 6;
    %set/v v0079A948_0, 8, 6;
    %jmp T_5.64;
T_5.63 ;
    %set/v v0079A948_0, 0, 6;
    %jmp T_5.64;
T_5.64 ;
    %jmp T_5;
    .thread T_5, $push;
    .scope S_01EE4848;
T_6 ;
    %fork t_1, S_01EE49E0;
    %jmp t_0;
    .scope S_01EE49E0;
t_1 ;
    %set/v v0079AB00_0, 1, 1;
T_6.0 ;
    %delay 10, 0;
    %load/v 8, v0079AB00_0, 1;
    %inv 8, 1;
    %set/v v0079AB00_0, 8, 1;
    %jmp T_6.0;
    %end;
    .scope S_01EE4848;
t_0 %join;
    %end;
    .thread T_6;
    .scope S_01EE4848;
T_7 ;
    %vpi_call 2 24 "$dumpfile", "Triwave_Generator.vcd";
    %vpi_call 2 25 "$dumpvars";
    %end;
    .thread T_7;
    .scope S_01EE4848;
T_8 ;
    %fork t_3, S_01EE52E8;
    %jmp t_2;
    .scope S_01EE52E8;
t_3 ;
    %delay 500000, 0;
    %vpi_call 2 29 "$finish";
    %end;
    .scope S_01EE4848;
t_2 %join;
    %end;
    .thread T_8;
    .scope S_01EE4848;
T_9 ;
    %fork t_5, S_01EE5508;
    %jmp t_4;
    .scope S_01EE5508;
t_5 ;
    %set/v v0079AA50_0, 1, 1;
    %movi 8, 12, 6;
    %set/v v0079AAA8_0, 8, 6;
    %end;
    .scope S_01EE4848;
t_4 %join;
    %end;
    .thread T_9;
# The file index is used to find the file name in the following table.
:file_names 4;
    "N/A";
    "<interactive>";
    "TB_Triwave_Generator.v";
    "Triwave_Generator.v";
