#! /c/iverilog/bin/vvp
:ivl_version "0.9.6 " "(v0_9_6)";
:vpi_time_precision - 9;
:vpi_module "system";
:vpi_module "v2005_math";
:vpi_module "va_math";
S_007B3B50 .scope module, "TB_Sawwave_Generator" "TB_Sawwave_Generator" 2 4;
 .timescale -9 -9;
v007BEF68_0 .var "Enable_SW_1", 0 0;
v00700BF8_0 .net "Pulse", 0 0, L_007B6FA8; 1 drivers
v00700C50_0 .var "clock", 0 0;
S_007B88A0 .scope module, "UUT" "Sawwave_Generator" 2 9, 3 1, S_007B3B50;
 .timescale 0 0;
L_007B6FA8 .functor AND 1, L_00700CA8, v007BEF68_0, C4<1>, C4<1>;
v007B29A8_0 .var "Duty_Cycle", 5 0;
v007B2A00_0 .net "Enable_SW_1", 0 0, v007BEF68_0; 1 drivers
v007BEE08_0 .alias "Pulse", 0 0, v00700BF8_0;
v007BEE60_0 .net *"_s0", 0 0, L_00700CA8; 1 drivers
v007BEEB8_0 .var "count", 5 0;
v007BEF10_0 .net "sysclk", 0 0, v00700C50_0; 1 drivers
E_006C17F0 .event posedge, v007BEF10_0;
L_00700CA8 .cmp/gt 6, v007B29A8_0, v007BEEB8_0;
S_007B8680 .scope begin, "clockdef" "clockdef" 2 14, 2 14, S_007B3B50;
 .timescale -9 -9;
S_007B2920 .scope begin, "stopat" "stopat" 2 24, 2 24, S_007B3B50;
 .timescale -9 -9;
S_007B3BD8 .scope begin, "signals" "signals" 2 27, 2 27, S_007B3B50;
 .timescale -9 -9;
    .scope S_007B88A0;
T_0 ;
    %set/v v007BEEB8_0, 0, 6;
    %end;
    .thread T_0;
    .scope S_007B88A0;
T_1 ;
    %set/v v007B29A8_0, 0, 6;
    %end;
    .thread T_1;
    .scope S_007B88A0;
T_2 ;
    %wait E_006C17F0;
    %ix/load 0, 1, 0;
    %load/vp0 8, v007BEEB8_0, 6;
    %ix/load 0, 6, 0;
    %assign/v0 v007BEEB8_0, 0, 8;
    %load/v 11, v007BEEB8_0, 6;
    %and/r 11, 11, 6;
    %mov 8, 11, 1;
    %mov 9, 0, 2;
    %cmpi/u 8, 1, 3;
    %jmp/0xz  T_2.0, 4;
    %ix/load 0, 1, 0;
    %load/vp0 8, v007B29A8_0, 6;
    %ix/load 0, 6, 0;
    %assign/v0 v007B29A8_0, 0, 8;
T_2.0 ;
    %jmp T_2;
    .thread T_2;
    .scope S_007B3B50;
T_3 ;
    %fork t_1, S_007B8680;
    %jmp t_0;
    .scope S_007B8680;
t_1 ;
    %set/v v00700C50_0, 1, 1;
T_3.0 ;
    %delay 10, 0;
    %load/v 8, v00700C50_0, 1;
    %inv 8, 1;
    %set/v v00700C50_0, 8, 1;
    %jmp T_3.0;
    %end;
    .scope S_007B3B50;
t_0 %join;
    %end;
    .thread T_3;
    .scope S_007B3B50;
T_4 ;
    %vpi_call 2 20 "$dumpfile", "Sawwave_Generator.vcd";
    %vpi_call 2 21 "$dumpvars", v00700BF8_0;
    %end;
    .thread T_4;
    .scope S_007B3B50;
T_5 ;
    %fork t_3, S_007B2920;
    %jmp t_2;
    .scope S_007B2920;
t_3 ;
    %delay 500000, 0;
    %vpi_call 2 25 "$finish";
    %end;
    .scope S_007B3B50;
t_2 %join;
    %end;
    .thread T_5;
    .scope S_007B3B50;
T_6 ;
    %fork t_5, S_007B3BD8;
    %jmp t_4;
    .scope S_007B3BD8;
t_5 ;
    %set/v v007BEF68_0, 1, 1;
    %delay 20000, 0;
    %set/v v007BEF68_0, 0, 1;
    %delay 80000, 0;
    %set/v v007BEF68_0, 1, 1;
    %delay 100000, 0;
    %set/v v007BEF68_0, 0, 1;
    %delay 120000, 0;
    %set/v v007BEF68_0, 1, 1;
    %end;
    .scope S_007B3B50;
t_4 %join;
    %end;
    .thread T_6;
# The file index is used to find the file name in the following table.
:file_names 4;
    "N/A";
    "<interactive>";
    "TB_Sawwave_Generator.v";
    "Sawwave_Generator.v";
