#! /c/iverilog/bin/vvp
:ivl_version "0.9.6 " "(v0_9_6)";
:vpi_time_precision - 9;
:vpi_module "system";
:vpi_module "v2005_math";
:vpi_module "va_math";
S_006838D0 .scope module, "TB_PWM_Generator" "TB_PWM_Generator" 2 4;
 .timescale -9 -9;
v0068DB88_0 .net "Pulse", 0 0, L_0068DCE8; 1 drivers
v0068DBE0_0 .var "SW", 3 0;
v0068DC38_0 .var "clock", 0 0;
S_00689878 .scope module, "UUT" "PWM_Generator" 2 9, 3 1, S_006838D0;
 .timescale 0 0;
v00682788_0 .alias "Pulse", 0 0, v0068DB88_0;
v006827E0_0 .net "SW", 3 0, v0068DBE0_0; 1 drivers
v00687B78_0 .net *"_s0", 5 0, C4<000100>; 1 drivers
v00687BD0_0 .net *"_s3", 5 0, L_0068DC90; 1 drivers
v00687C28_0 .var "count", 5 0;
v00687C80_0 .net "sysclk", 0 0, v0068DC38_0; 1 drivers
E_00687448 .event posedge, v00687C80_0;
L_0068DC90 .arith/mult 6, v0068DBE0_0, C4<000100>;
L_0068DCE8 .cmp/gt 6, L_0068DC90, v00687C28_0;
S_00689108 .scope begin, "clockdef" "clockdef" 2 14, 2 14, S_006838D0;
 .timescale -9 -9;
S_00682700 .scope begin, "stopat" "stopat" 2 24, 2 24, S_006838D0;
 .timescale -9 -9;
S_00683958 .scope begin, "signals" "signals" 2 28, 2 28, S_006838D0;
 .timescale -9 -9;
    .scope S_00689878;
T_0 ;
    %set/v v00687C28_0, 0, 6;
    %end;
    .thread T_0;
    .scope S_00689878;
T_1 ;
    %wait E_00687448;
    %ix/load 0, 1, 0;
    %load/vp0 8, v00687C28_0, 6;
    %ix/load 0, 6, 0;
    %assign/v0 v00687C28_0, 0, 8;
    %jmp T_1;
    .thread T_1;
    .scope S_006838D0;
T_2 ;
    %fork t_1, S_00689108;
    %jmp t_0;
    .scope S_00689108;
t_1 ;
    %set/v v0068DC38_0, 1, 1;
T_2.0 ;
    %delay 10, 0;
    %load/v 8, v0068DC38_0, 1;
    %inv 8, 1;
    %set/v v0068DC38_0, 8, 1;
    %jmp T_2.0;
    %end;
    .scope S_006838D0;
t_0 %join;
    %end;
    .thread T_2;
    .scope S_006838D0;
T_3 ;
    %vpi_call 2 20 "$dumpfile", "PWM_Generator.vcd";
    %vpi_call 2 21 "$dumpvars", v0068DB88_0;
    %end;
    .thread T_3;
    .scope S_006838D0;
T_4 ;
    %fork t_3, S_00682700;
    %jmp t_2;
    .scope S_00682700;
t_3 ;
    %delay 50000, 0;
    %vpi_call 2 25 "$finish";
    %end;
    .scope S_006838D0;
t_2 %join;
    %end;
    .thread T_4;
    .scope S_006838D0;
T_5 ;
    %fork t_5, S_00683958;
    %jmp t_4;
    .scope S_00683958;
t_5 ;
    %ix/load 0, 0, 0;
    %set/x0 v0068DBE0_0, 0, 1;
    %ix/load 0, 1, 0;
    %set/x0 v0068DBE0_0, 0, 1;
    %ix/load 0, 2, 0;
    %set/x0 v0068DBE0_0, 0, 1;
    %ix/load 0, 3, 0;
    %set/x0 v0068DBE0_0, 0, 1;
    %delay 2000, 0;
    %ix/load 0, 0, 0;
    %set/x0 v0068DBE0_0, 1, 1;
    %delay 10000, 0;
    %ix/load 0, 3, 0;
    %set/x0 v0068DBE0_0, 1, 1;
    %delay 15000, 0;
    %ix/load 0, 2, 0;
    %set/x0 v0068DBE0_0, 1, 1;
    %delay 20000, 0;
    %ix/load 0, 1, 0;
    %set/x0 v0068DBE0_0, 1, 1;
    %end;
    .scope S_006838D0;
t_4 %join;
    %end;
    .thread T_5;
# The file index is used to find the file name in the following table.
:file_names 4;
    "N/A";
    "<interactive>";
    "TB_PWM_Generator.v";
    "PWM_Generator.v";
